[Licensing::Module] Trying to connect to existing licensing client channel...
Built from '6000.4/staging' branch; Version is '6000.4.1f1 (8535861f39e1) revision 8729990'; Using compiler version '194234433'; Build Type 'Release'
OS: 'Windows 11  (10.0.26200) Professional' Language: 'tr' Physical Memory: 31911 MB
BatchMode: 1, IsHumanControllingUs: 0, StartBugReporterOnCrash: 0, Is64bit: 1
System  architecture: x64
Process architecture: x64
Date: 2026-04-03T22:24:39Z
[Licensing::IpcConnector] Successfully connected to: "LicenseClient-Gaming" at "2026-04-03T22:24:40.7748706Z"

COMMAND LINE ARGUMENTS:
C:\Program Files\Unity\Hub\Editor\6000.4.1f1\Editor\Unity.exe
-adb2
-batchMode
-noUpm
-name
AssetImportWorker1
-projectPath
C:/dir/Unity/Puzzle Game
-logFile
Logs/AssetImportWorker1.log
-srvPort
50885
-licensingIpc
LicenseClient-Gaming
-force-d3d12
-job-worker-count
7
-background-job-worker-count
8
-gc-helper-count
1
-name
AssetImport
Successfully changed project path to: C:/dir/Unity/Puzzle Game
C:/dir/Unity/Puzzle Game
[UnityMemory] Configuration Parameters - Can be set up in boot.config
    "memorysetup-temp-allocator-size-gi-baking-worker=262144"
    "memorysetup-temp-allocator-size-gi-baking-worker=262144"
    "memorysetup-temp-allocator-size-gi-baking-worker=262144"
    "memorysetup-temp-allocator-size-gi-baking-worker=262144"
    "memorysetup-temp-allocator-size-gi-baking-worker=262144"
    "memorysetup-temp-allocator-size-nav-mesh-worker=65536"
    "memorysetup-temp-allocator-size-audio-worker=65536"
    "memorysetup-temp-allocator-size-cloud-worker=32768"
    "memorysetup-temp-allocator-size-gfx=262144"
    "memorysetup-temp-allocator-size-preload-manager=33554432"
    "memorysetup-temp-allocator-size-job-worker=262144"
    "memorysetup-temp-allocator-size-background-worker=32768"
    "memorysetup-allocator-temp-initial-block-size-main=262144"
    "memorysetup-allocator-temp-initial-block-size-worker=262144"
    "memorysetup-bucket-allocator-granularity=16"
    "memorysetup-bucket-allocator-bucket-count=8"
    "memorysetup-bucket-allocator-block-size=33554432"
    "memorysetup-bucket-allocator-block-count=8"
    "memorysetup-main-allocator-block-size=16777216"
    "memorysetup-thread-allocator-block-size=16777216"
    "memorysetup-gfx-main-allocator-block-size=16777216"
    "memorysetup-gfx-thread-allocator-block-size=16777216"
    "memorysetup-cache-allocator-block-size=4194304"
    "memorysetup-typetree-allocator-block-size=2097152"
    "memorysetup-profiler-bucket-allocator-granularity=16"
    "memorysetup-profiler-bucket-allocator-bucket-count=8"
    "memorysetup-profiler-bucket-allocator-block-size=33554432"
    "memorysetup-profiler-bucket-allocator-block-count=8"
    "memorysetup-profiler-allocator-block-size=16777216"
    "memorysetup-profiler-editor-allocator-block-size=1048576"
    "memorysetup-temp-allocator-size-main=16777216"
    "memorysetup-job-temp-allocator-block-size=2097152"
    "memorysetup-job-temp-allocator-block-size-background=1048576"
    "memorysetup-job-temp-allocator-reduction-small-platforms=262144"
Player connection [23372]  Target information:

Player connection [23372]  * "[IP] 192.168.1.105 [Port] 0 [Flags] 2 [Guid] 3065221073 [EditorId] 3065221073 [Version] 1048832 [Id] WindowsEditor(7,eren) [Debug] 1 [PackageName] WindowsEditor [ProjectName] Editor" 

Player connection [23372]  * "[IP] 192.168.56.1 [Port] 0 [Flags] 2 [Guid] 3065221073 [EditorId] 3065221073 [Version] 1048832 [Id] WindowsEditor(7,eren) [Debug] 1 [PackageName] WindowsEditor [ProjectName] Editor" 

Player connection [23372]  * "[IP] 172.18.160.1 [Port] 0 [Flags] 2 [Guid] 3065221073 [EditorId] 3065221073 [Version] 1048832 [Id] WindowsEditor(7,eren) [Debug] 1 [PackageName] WindowsEditor [ProjectName] Editor" 

Player connection [23372]  * "[IP] 172.16.0.2 [Port] 0 [Flags] 2 [Guid] 3065221073 [EditorId] 3065221073 [Version] 1048832 [Id] WindowsEditor(7,eren) [Debug] 1 [PackageName] WindowsEditor [ProjectName] Editor" 

Player connection [23372] Host joined multi-casting on [225.0.0.222:54997]...
Player connection [23372] Host joined alternative multi-casting on [225.0.0.222:34997]...
JobSystem: Creating JobQueue using job-worker-count value 7
Input System module state changed to: Initialized.
[Physics::Module] Initialized fallback backend.
[Physics::Module] Id: 0xdecafbad
Library Redirect Path: Library/
