[Licensing::Module] Trying to connect to existing licensing client channel...
Built from '6000.2/respin/6000.2.6f2-cc51a95c03' branch; Version is '6000.2.6f2 (4a4dcaec6541) revision 4869578'; Using compiler version '194234433'; Build Type 'Release'
OS: 'Windows 11  (10.0.26200) 64bit Core' Language: 'tr' Physical Memory: 15713 MB
[Licensing::IpcConnector] Successfully connected to: "LicenseClient-johnt" at "2026-01-31T23:33:58.1357869Z"
BatchMode: 1, IsHumanControllingUs: 0, StartBugReporterOnCrash: 0, Is64bit: 1
Date: 2026-01-31T23:33:58Z

COMMAND LINE ARGUMENTS:
C:\Program Files\Unity\Hub\Editor\6000.2.6f2\Editor\Unity.exe
-adb2
-batchMode
-noUpm
-name
AssetImportWorker0
-projectPath
C:/Unity/Puzzle Game
-logFile
Logs/AssetImportWorker0.log
-srvPort
59770
-job-worker-count
5
-background-job-worker-count
8
-gc-helper-count
1
-name
AssetImport
Successfully changed project path to: C:/Unity/Puzzle Game
C:/Unity/Puzzle Game
[UnityMemory] Configuration Parameters - Can be set up in boot.config
    "memorysetup-allocator-temp-initial-block-size-main=262144"
    "memorysetup-allocator-temp-initial-block-size-worker=262144"
    "memorysetup-bucket-allocator-granularity=16"
    "memorysetup-bucket-allocator-bucket-count=8"
    "memorysetup-bucket-allocator-block-size=33554432"
    "memorysetup-bucket-allocator-block-count=8"
    "memorysetup-main-allocator-block-size=16777216"
    "memorysetup-thread-allocator-block-size=16777216"
    "memorysetup-gfx-main-allocator-block-size=16777216"
    "memorysetup-gfx-thread-allocator-block-size=16777216"
    "memorysetup-cache-allocator-block-size=4194304"
    "memorysetup-typetree-allocator-block-size=2097152"
    "memorysetup-profiler-bucket-allocator-granularity=16"
    "memorysetup-profiler-bucket-allocator-bucket-count=8"
    "memorysetup-profiler-bucket-allocator-block-size=33554432"
    "memorysetup-profiler-bucket-allocator-block-count=8"
    "memorysetup-profiler-allocator-block-size=16777216"
    "memorysetup-profiler-editor-allocator-block-size=1048576"
    "memorysetup-temp-allocator-size-main=16777216"
    "memorysetup-job-temp-allocator-block-size=2097152"
    "memorysetup-job-temp-allocator-block-size-background=1048576"
    "memorysetup-job-temp-allocator-reduction-small-platforms=262144"
    "memorysetup-temp-allocator-size-background-worker=32768"
    "memorysetup-temp-allocator-size-job-worker=262144"
    "memorysetup-temp-allocator-size-preload-manager=33554432"
    "memorysetup-temp-allocator-size-nav-mesh-worker=65536"
    "memorysetup-temp-allocator-size-audio-worker=65536"
    "memorysetup-temp-allocator-size-cloud-worker=32768"
    "memorysetup-temp-allocator-size-gi-baking-worker=262144"
    "memorysetup-temp-allocator-size-gi-baking-worker=262144"
    "memorysetup-temp-allocator-size-gi-baking-worker=262144"
    "memorysetup-temp-allocator-size-gi-baking-worker=262144"
    "memorysetup-temp-allocator-size-gi-baking-worker=262144"
    "memorysetup-temp-allocator-size-gfx=262144"
Player connection [19604]  Target information:

Player connection [19604]  * "[IP] 192.168.56.1 [Port] 0 [Flags] 2 [Guid] 2470489297 [EditorId] 2470489297 [Version] 1048832 [Id] WindowsEditor(7,EREN) [Debug] 1 [PackageName] WindowsEditor [ProjectName] Editor" 

Player connection [19604]  * "[IP] 172.16.0.2 [Port] 0 [Flags] 2 [Guid] 2470489297 [EditorId] 2470489297 [Version] 1048832 [Id] WindowsEditor(7,EREN) [Debug] 1 [PackageName] WindowsEditor [ProjectName] Editor" 

Player connection [19604]  * "[IP] 192.168.1.112 [Port] 0 [Flags] 2 [Guid] 2470489297 [EditorId] 2470489297 [Version] 1048832 [Id] WindowsEditor(7,EREN) [Debug] 1 [PackageName] WindowsEditor [ProjectName] Editor" 

Player connection [19604] Host joined multi-casting on [225.0.0.222:54997]...
Player connection [19604] Host joined alternative multi-casting on [225.0.0.222:34997]...
JobSystem: Creating JobQueue using job-worker-count value 5
Input System module state changed to: Initialized.
[Physics::Module] Initialized fallback backend.
[Physics::Module] Id: 0xdecafbad
Library Redirect Path: Library/
[Licensing::Client] Code 10 while verifying Licensing Client signature (process Id: 4904, path: "C:/Program Files/Unity Hub/UnityLicensingClient_V1/Unity.Licensing.Client.exe")
[Licensing::Module] LicensingClient has failed validation; ignoring
[Licensing::Client] Handshaking with LicensingClient:
  Version:                 1.17.4+4293ba1
  Session Id:              b89e11c139bb4846a96329235a84a8be
  Correlation Id:          3d56df280385042930211b1f9ac59aa7
  External correlation Id: 5495203348876713834
  Machine Id:              9mTSOqlXAJDPIXAfLuYz5g7U+Qo=
[Licensing::Module] Successfully connected to LicensingClient on channel: "LicenseClient-johnt" (connect: 0.00s, validation: 0.00s, handshake: 0.46s)
[Licensing::IpcConnector] Successfully connected to: "LicenseClient-johnt-notifications" at "2026-01-31T23:33:58.6024948Z"
[Licensing::Module] Licensing Background thread has ended after 0.47s
[Physics::Module] Selected backend.
[Physics::Module] Name: PhysX
[Physics::Module] Id: 0xf2b8ea05
[Physics::Module] SDK Version: 4.1.2
[Physics::Module] Integration Version: 1.0.0
[Physics::Module] Threading Mode: Multi-Threaded
Refreshing native plugins compatible for Editor in 375.50 ms, found 4 plugins.
Preloading 0 native plugins for Editor in 0.00 ms.
Initialize engine version: 6000.2.6f2 (4a4dcaec6541)
[Subsystems] Discovering subsystems at path C:/Program Files/Unity/Hub/Editor/6000.2.6f2/Editor/Data/Resources/UnitySubsystems
[Subsystems] Discovering subsystems at path C:/Unity/Puzzle Game/Assets
GfxDevice: creating device client; kGfxThreadingModeNonThreaded
d3d12: failed to query info queue interface (0x80004002).
Direct3D:
    Version:         Direct3D 12 [level 12.1]
    Renderer:        NVIDIA GeForce RTX 3050 Laptop GPU (ID=0x25a5)
    Vendor:          NVIDIA
    VRAM:            3962 MB
    App VRAM Budget: 3367 MB
    Driver:          32.0.15.9174
Initialize mono
Mono path[0] = 'C:/Program Files/Unity/Hub/Editor/6000.2.6f2/Editor/Data/Managed'
Mono path[1] = 'C:/Program Files/Unity/Hub/Editor/6000.2.6f2/Editor/Data/MonoBleedingEdge/lib/mono/unityjit-win32'
Mono config path = 'C:/Program Files/Unity/Hub/Editor/6000.2.6f2/Editor/Data/MonoBleedingEdge/etc'
Using monoOptions --debugger-agent=transport=dt_socket,embedding=1,server=y,suspend=n,address=127.0.0.1:56824
Begin MonoManager ReloadAssembly
Registering precompiled unity dll's ...
Register platform support module: C:/Program Files/Unity/Hub/Editor/6000.2.6f2/Editor/Data/PlaybackEngines/WindowsStandaloneSupport/UnityEditor.WindowsStandalone.Extensions.dll
[Licensing::Client] Successfully resolved entitlement details
[Licensing::Module] License group:
  Id: 18967082796948-UnityPersXXXX
  Product: Unity Personal
  Type: Assigned
  Expiration: Unlimited
Register platform support module: C:/Program Files/Unity/Hub/Editor/6000.2.6f2/Editor/Data/PlaybackEngines/MetroSupport/UnityEditor.UWP.Extensions.dll
Registered in 0.009470 seconds.
- Loaded All Assemblies, in  4.903 seconds
Native extension for UWP target not found
Native extension for WindowsStandalone target not found
Mono: successfully reloaded assembly
- Finished resetting the current domain, in  0.868 seconds
Domain Reload Profiling: 5766ms
	BeginReloadAssembly (1249ms)
		ExecutionOrderSort (0ms)
		DisableScriptedObjects (0ms)
		BackupInstance (0ms)
		ReleaseScriptingObjects (0ms)
		CreateAndSetChildDomain (2ms)
	RebuildCommonClasses (1044ms)
	RebuildNativeTypeToScriptingClass (41ms)
	initialDomainReloadingComplete (167ms)
	LoadAllAssembliesAndSetupDomain (2396ms)
		LoadAssemblies (1243ms)
		RebuildTransferFunctionScriptingTraits (0ms)
		AnalyzeDomain (2387ms)
			TypeCache.Refresh (2384ms)
				TypeCache.ScanAssembly (1538ms)
			BuildScriptInfoCaches (0ms)
			ResolveRequiredComponents (1ms)
	FinalizeReload (869ms)
		ReleaseScriptCaches (0ms)
		RebuildScriptCaches (0ms)
		SetupLoadedEditorAssemblies (746ms)
			LogAssemblyErrors (0ms)
			InitializePlatformSupportModulesInManaged (104ms)
			SetLoadedEditorAssemblies (7ms)
			BeforeProcessingInitializeOnLoad (233ms)
			ProcessInitializeOnLoadAttributes (288ms)
			ProcessInitializeOnLoadMethodAttributes (113ms)
			AfterProcessingInitializeOnLoad (0ms)
			EditorAssembliesLoaded (0ms)
		ExecutionOrderSort2 (0ms)
		AwakeInstancesAfterBackupRestoration (0ms)
========================================================================
Worker process is ready to serve import requests
Import Worker Mode flag is 0x00
Begin MonoManager ReloadAssembly
[Licensing::Client] Successfully resolved entitlement details
- Loaded All Assemblies, in  6.047 seconds
Refreshing native plugins compatible for Editor in 4.50 ms, found 4 plugins.
Native extension for UWP target not found
Native extension for WindowsStandalone target not found
Package Manager log level set to [2]
[Package Manager] Failed to launch server process. Reason: Unity was launched with the -noUpm command-line argument
[Package Manager] Unable to send message (not connected to server process).
[Package Manager] Cannot connect to Unity Package Manager local server
Mono: successfully reloaded assembly
- Finished resetting the current domain, in  5.012 seconds
Domain Reload Profiling: 11050ms
	BeginReloadAssembly (525ms)
		ExecutionOrderSort (0ms)
		DisableScriptedObjects (26ms)
		BackupInstance (0ms)
		ReleaseScriptingObjects (0ms)
		CreateAndSetChildDomain (67ms)
	RebuildCommonClasses (143ms)
	RebuildNativeTypeToScriptingClass (37ms)
	initialDomainReloadingComplete (134ms)
	LoadAllAssembliesAndSetupDomain (5199ms)
		LoadAssemblies (4609ms)
		RebuildTransferFunctionScriptingTraits (0ms)
		AnalyzeDomain (907ms)
			TypeCache.Refresh (731ms)
				TypeCache.ScanAssembly (690ms)
			BuildScriptInfoCaches (138ms)
			ResolveRequiredComponents (29ms)
	FinalizeReload (5013ms)
		ReleaseScriptCaches (0ms)
		RebuildScriptCaches (0ms)
		SetupLoadedEditorAssemblies (3607ms)
			LogAssemblyErrors (0ms)
			InitializePlatformSupportModulesInManaged (5ms)
			SetLoadedEditorAssemblies (9ms)
			BeforeProcessingInitializeOnLoad (453ms)
			ProcessInitializeOnLoadAttributes (1821ms)
			ProcessInitializeOnLoadMethodAttributes (1288ms)
			AfterProcessingInitializeOnLoad (29ms)
			EditorAssembliesLoaded (1ms)
		ExecutionOrderSort2 (0ms)
		AwakeInstancesAfterBackupRestoration (15ms)
Launched and connected shader compiler UnityShaderCompiler.exe after 0.13 seconds
Refreshing native plugins compatible for Editor in 4.15 ms, found 4 plugins.
Preloading 0 native plugins for Editor in 0.00 ms.
Unloading 37 Unused Serialized files (Serialized files now loaded: 0)
Unloading 6820 unused Assets / (7.2 MB). Loaded Objects now: 7488.
Memory consumption went from 141.4 MB to 134.2 MB.
Total: 25.777000 ms (FindLiveObjects: 2.071400 ms CreateObjectMapping: 1.491500 ms MarkObjects: 15.610200 ms  DeleteObjects: 6.601300 ms)

========================================================================
Received Import Request.
  Time since last request: 23162.223024 seconds.
  path: Assets/InputSystem_Actions.inputactions
  artifactKey: Guid(2bcd2660ca9b64942af0de543d8d7100) Importer(815301076,1909f56bfc062723c751e8b465ee728b)
Start importing Assets/InputSystem_Actions.inputactions using Guid(2bcd2660ca9b64942af0de543d8d7100) Importer(815301076,1909f56bfc062723c751e8b465ee728b) (PreviewImporter) -> (artifact id: '34a16dfc632f982493b6295d91a6866d') in 0.0608171 seconds
Number of updated asset objects reloaded before import = 0Number of asset objects unloaded after import = 19

========================================================================
Received Import Request.
  Time since last request: 0.000045 seconds.
  path: Assets/Settings/Scenes/URP2DSceneTemplate.unity
  artifactKey: Guid(2cda990e2423bbf4892e6590ba056729) Importer(2089858483,192608db42251d675da83286b1cce702)
Start importing Assets/Settings/Scenes/URP2DSceneTemplate.unity using Guid(2cda990e2423bbf4892e6590ba056729) Importer(2089858483,192608db42251d675da83286b1cce702) (ScriptedImporter) -> (artifact id: 'c73423da778c4461dc4f6830470c8d74') in 0.3852189 seconds
Number of updated asset objects reloaded before import = 0Number of asset objects unloaded after import = 1

========================================================================
Received Import Request.
  Time since last request: 0.000087 seconds.
  path: Assets/UniversalRenderPipelineGlobalSettings.asset
  artifactKey: Guid(93b439a37f63240aca3dd4e01d978a9f) Importer(815301076,1909f56bfc062723c751e8b465ee728b)
Start importing Assets/UniversalRenderPipelineGlobalSettings.asset using Guid(93b439a37f63240aca3dd4e01d978a9f) Importer(815301076,1909f56bfc062723c751e8b465ee728b) (PreviewImporter) -> (artifact id: '2ab9aba3046d13788fb6f418af539701') in 0.0015187 seconds
Number of updated asset objects reloaded before import = 0Number of asset objects unloaded after import = 0

========================================================================
Received Import Request.
  Time since last request: 0.000033 seconds.
  path: Assets/DefaultVolumeProfile.asset
  artifactKey: Guid(3f9215ea0144899419cfbc0957140d3f) Importer(815301076,1909f56bfc062723c751e8b465ee728b)
Start importing Assets/DefaultVolumeProfile.asset using Guid(3f9215ea0144899419cfbc0957140d3f) Importer(815301076,1909f56bfc062723c751e8b465ee728b) (PreviewImporter) -> (artifact id: '1e3ee85287093c2e01e2184a29fd3edf') in 0.0025907 seconds
Number of updated asset objects reloaded before import = 0Number of asset objects unloaded after import = 0

========================================================================
Received Prepare
Refreshing native plugins compatible for Editor in 4.61 ms, found 4 plugins.
Preloading 0 native plugins for Editor in 0.00 ms.
Unloading 36 Unused Serialized files (Serialized files now loaded: 0)
Unloading 6813 unused Assets / (7.0 MB). Loaded Objects now: 7497.
Memory consumption went from 141.1 MB to 134.2 MB.
Total: 25.791800 ms (FindLiveObjects: 1.717900 ms CreateObjectMapping: 2.111100 ms MarkObjects: 15.260400 ms  DeleteObjects: 6.700400 ms)

Prepare: number of updated asset objects reloaded= 0
========================================================================
Received Import Request.
  Time since last request: 387.081515 seconds.
  path: Assets/Scripts/README.md
  artifactKey: Guid(ed4a3acf12dea2647825b22f338b3fe5) Importer(2089858483,192608db42251d675da83286b1cce702)
Start importing Assets/Scripts/README.md using Guid(ed4a3acf12dea2647825b22f338b3fe5) Importer(2089858483,192608db42251d675da83286b1cce702) (ScriptedImporter) -> (artifact id: 'dbfb63ae26dc5397dca85bbeab894f17') in 0.0374783 seconds
Number of updated asset objects reloaded before import = 0Number of asset objects unloaded after import = 1

========================================================================
Received Import Request.
  Time since last request: 0.000037 seconds.
  path: Assets/Scripts/HIZLI_BASLANGIC.md
  artifactKey: Guid(4ed509b3b265f3f4fb6ca36ae279965a) Importer(2089858483,192608db42251d675da83286b1cce702)
Start importing Assets/Scripts/HIZLI_BASLANGIC.md using Guid(4ed509b3b265f3f4fb6ca36ae279965a) Importer(2089858483,192608db42251d675da83286b1cce702) (ScriptedImporter) -> (artifact id: '4f99c134601bfe147796d9a8241eba1e') in 0.0339301 seconds
Number of updated asset objects reloaded before import = 0Number of asset objects unloaded after import = 1

========================================================================
Received Import Request.
  Time since last request: 0.000059 seconds.
  path: Assets/Scripts/PuzzlePieceV2.cs
  artifactKey: Guid(fbf87479adbf00c408725ce6bf3b35e4) Importer(2089858483,192608db42251d675da83286b1cce702)
Start importing Assets/Scripts/PuzzlePieceV2.cs using Guid(fbf87479adbf00c408725ce6bf3b35e4) Importer(2089858483,192608db42251d675da83286b1cce702) (ScriptedImporter) -> (artifact id: 'c155e6563ebfdcc99a974d5f986de48c') in 0.1007241 seconds
Number of updated asset objects reloaded before import = 0Number of asset objects unloaded after import = 0

========================================================================
Received Import Request.
  Time since last request: 0.000033 seconds.
  path: Assets/Scripts/PuzzleManager.cs
  artifactKey: Guid(3029a4f1f0a50a446b2a07842bfa9355) Importer(2089858483,192608db42251d675da83286b1cce702)
Start importing Assets/Scripts/PuzzleManager.cs using Guid(3029a4f1f0a50a446b2a07842bfa9355) Importer(2089858483,192608db42251d675da83286b1cce702) (ScriptedImporter) -> (artifact id: '961601e80495f978785478dbf1ae3d8c') in 0.0277201 seconds
Number of updated asset objects reloaded before import = 0Number of asset objects unloaded after import = 0

========================================================================
Received Prepare
Begin MonoManager ReloadAssembly
[Licensing::Client] Successfully resolved entitlement details
- Loaded All Assemblies, in  2.487 seconds
Refreshing native plugins compatible for Editor in 4.71 ms, found 4 plugins.
Native extension for UWP target not found
Native extension for WindowsStandalone target not found
[Package Manager] Failed to launch server process. Reason: Unity was launched with the -noUpm command-line argument
[Package Manager] Unable to send message (not connected to server process).
[Package Manager] Cannot connect to Unity Package Manager local server
Mono: successfully reloaded assembly
- Finished resetting the current domain, in  2.386 seconds
Domain Reload Profiling: 4863ms
	BeginReloadAssembly (860ms)
		ExecutionOrderSort (0ms)
		DisableScriptedObjects (74ms)
		BackupInstance (0ms)
		ReleaseScriptingObjects (0ms)
		CreateAndSetChildDomain (204ms)
	RebuildCommonClasses (150ms)
	RebuildNativeTypeToScriptingClass (48ms)
	initialDomainReloadingComplete (113ms)
	LoadAllAssembliesAndSetupDomain (1304ms)
		LoadAssemblies (1185ms)
		RebuildTransferFunctionScriptingTraits (0ms)
		AnalyzeDomain (522ms)
			TypeCache.Refresh (20ms)
				TypeCache.ScanAssembly (1ms)
			BuildScriptInfoCaches (458ms)
			ResolveRequiredComponents (32ms)
	FinalizeReload (2387ms)
		ReleaseScriptCaches (0ms)
		RebuildScriptCaches (0ms)
		SetupLoadedEditorAssemblies (1974ms)
			LogAssemblyErrors (0ms)
			InitializePlatformSupportModulesInManaged (4ms)
			SetLoadedEditorAssemblies (16ms)
			BeforeProcessingInitializeOnLoad (401ms)
			ProcessInitializeOnLoadAttributes (1354ms)
			ProcessInitializeOnLoadMethodAttributes (178ms)
			AfterProcessingInitializeOnLoad (20ms)
			EditorAssembliesLoaded (1ms)
		ExecutionOrderSort2 (0ms)
		AwakeInstancesAfterBackupRestoration (42ms)
Refreshing native plugins compatible for Editor in 6.36 ms, found 4 plugins.
Preloading 0 native plugins for Editor in 0.00 ms.
Unloading 36 Unused Serialized files (Serialized files now loaded: 0)
Unloading 6824 unused Assets / (7.3 MB). Loaded Objects now: 7501.
Memory consumption went from 146.4 MB to 139.1 MB.
Total: 27.504900 ms (FindLiveObjects: 1.706700 ms CreateObjectMapping: 1.540900 ms MarkObjects: 14.955100 ms  DeleteObjects: 9.300200 ms)

Prepare: number of updated asset objects reloaded= 0
========================================================================
Received Import Request.
  Time since last request: 42.513632 seconds.
  path: Assets/Scripts/HIZLI_BASLANGIC.md
  artifactKey: Guid(4ed509b3b265f3f4fb6ca36ae279965a) Importer(815301076,1909f56bfc062723c751e8b465ee728b)
Start importing Assets/Scripts/HIZLI_BASLANGIC.md using Guid(4ed509b3b265f3f4fb6ca36ae279965a) Importer(815301076,1909f56bfc062723c751e8b465ee728b) (PreviewImporter) -> (artifact id: '34867f9aacf5dbe13ee6d989e0ef12c0') in 0.0338352 seconds
Number of updated asset objects reloaded before import = 0Number of asset objects unloaded after import = 1

========================================================================
Received Import Request.
  Time since last request: 108.457193 seconds.
  path: Assets/Scenes/SampleScene.unity
  artifactKey: Guid(8c9cfa26abfee488c85f1582747f6a02) Importer(815301076,1909f56bfc062723c751e8b465ee728b)
Start importing Assets/Scenes/SampleScene.unity using Guid(8c9cfa26abfee488c85f1582747f6a02) Importer(815301076,1909f56bfc062723c751e8b465ee728b) (PreviewImporter) -> (artifact id: '9f233941c894f8d89ba713602631c4a5') in 0.0012176 seconds
Number of updated asset objects reloaded before import = 0Number of asset objects unloaded after import = 0

========================================================================
Received Import Request.
  Time since last request: 3.111069 seconds.
  path: Assets/Scenes/PuzzleScene.unity
  artifactKey: Guid(8c9cfa26abfee488c85f1582747f6a02) Importer(815301076,1909f56bfc062723c751e8b465ee728b)
Start importing Assets/Scenes/PuzzleScene.unity using Guid(8c9cfa26abfee488c85f1582747f6a02) Importer(815301076,1909f56bfc062723c751e8b465ee728b) (PreviewImporter) -> (artifact id: 'e87dfda56f7558dd968100d13fd46b2b') in 0.0015504 seconds
Number of updated asset objects reloaded before import = 0Number of asset objects unloaded after import = 0

========================================================================
Received Import Request.
  Time since last request: 3.773087 seconds.
  path: Assets/Scripts/GameUI.cs
  artifactKey: Guid(38336c1d8f9e9a8458b34df282c25006) Importer(815301076,1909f56bfc062723c751e8b465ee728b)
Start importing Assets/Scripts/GameUI.cs using Guid(38336c1d8f9e9a8458b34df282c25006) Importer(815301076,1909f56bfc062723c751e8b465ee728b) (PreviewImporter) -> (artifact id: '6e96c9bd66865c76243b3032360c99df') in 0.0011929 seconds
Number of updated asset objects reloaded before import = 0Number of asset objects unloaded after import = 0

========================================================================
Received Import Request.
  Time since last request: 508.341548 seconds.
  path: Assets/PuzzlePiece.prefab
  artifactKey: Guid(57d644c34e146034dbf6104bbe5272d0) Importer(815301076,1909f56bfc062723c751e8b465ee728b)
Start importing Assets/PuzzlePiece.prefab using Guid(57d644c34e146034dbf6104bbe5272d0) Importer(815301076,1909f56bfc062723c751e8b465ee728b) (PreviewImporter) -> (artifact id: '023ec4604f5ba087a33af8312daa6807') in 0.039166 seconds
Number of updated asset objects reloaded before import = 0Number of asset objects unloaded after import = 8

========================================================================
Received Import Request.
  Time since last request: 111.188306 seconds.
  path: Assets
  artifactKey: Guid(00000000000000001000000000000000) Importer(815301076,1909f56bfc062723c751e8b465ee728b)
Start importing Assets using Guid(00000000000000001000000000000000) Importer(815301076,1909f56bfc062723c751e8b465ee728b) (PreviewImporter) -> (artifact id: 'fa1d5d9d7311b80ba4a397b5b86502e5') in 0.0009615 seconds
Number of updated asset objects reloaded before import = 0Number of asset objects unloaded after import = 0

========================================================================
Received Import Request.
  Time since last request: 5.163053 seconds.
  path: Assets/Scenes/PuzzleScene.unity
  artifactKey: Guid(8c9cfa26abfee488c85f1582747f6a02) Importer(2089858483,192608db42251d675da83286b1cce702)
Start importing Assets/Scenes/PuzzleScene.unity using Guid(8c9cfa26abfee488c85f1582747f6a02) Importer(2089858483,192608db42251d675da83286b1cce702) (ScriptedImporter) -> (artifact id: 'e0e4f984c4527014c82b1c1c706f4116') in 0.2913241 seconds
Number of updated asset objects reloaded before import = 0Number of asset objects unloaded after import = 1

========================================================================
Received Import Request.
  Time since last request: 4.068010 seconds.
  path: Assets/Sprites
  artifactKey: Guid(5b76916281fe2ec42a84248bcdc04304) Importer(815301076,1909f56bfc062723c751e8b465ee728b)
Start importing Assets/Sprites using Guid(5b76916281fe2ec42a84248bcdc04304) Importer(815301076,1909f56bfc062723c751e8b465ee728b) (PreviewImporter) -> (artifact id: '9aeae37b49895772520424f692ed5b1b') in 0.0008633 seconds
Number of updated asset objects reloaded before import = 0Number of asset objects unloaded after import = 0

========================================================================
Received Import Request.
  Time since last request: 0.809221 seconds.
  path: Assets/Sprites
  artifactKey: Guid(5b76916281fe2ec42a84248bcdc04304) Importer(2089858483,192608db42251d675da83286b1cce702)
Start importing Assets/Sprites using Guid(5b76916281fe2ec42a84248bcdc04304) Importer(2089858483,192608db42251d675da83286b1cce702) (ScriptedImporter) -> (artifact id: '661bafed4a907624110d9212fa4c603f') in 0.0228926 seconds
Number of updated asset objects reloaded before import = 0Number of asset objects unloaded after import = 1

========================================================================
Received Import Request.
  Time since last request: 145.539459 seconds.
  path: Assets/Sprites/ComfyUI_00019_.png
  artifactKey: Guid(1c53a7cc38e27ef4abad814401c54e7f) Importer(815301076,1909f56bfc062723c751e8b465ee728b)
Start importing Assets/Sprites/ComfyUI_00019_.png using Guid(1c53a7cc38e27ef4abad814401c54e7f) Importer(815301076,1909f56bfc062723c751e8b465ee728b) (PreviewImporter)[Licensing::Client] Successfully resolved entitlement details
 -> (artifact id: 'd02082d55e3018a900170d5dbf1ef6e2') in 0.3410794 seconds
Number of updated asset objects reloaded before import = 0Number of asset objects unloaded after import = 3

========================================================================
Received Import Request.
  Time since last request: 0.000045 seconds.
  path: Assets/Sprites/ComfyUI_00526_.png
  artifactKey: Guid(364ee7c714985c2459f256868019921f) Importer(815301076,1909f56bfc062723c751e8b465ee728b)
Start importing Assets/Sprites/ComfyUI_00526_.png using Guid(364ee7c714985c2459f256868019921f) Importer(815301076,1909f56bfc062723c751e8b465ee728b) (PreviewImporter) -> (artifact id: 'e0d66ccd3744f59ba34b2119cb6e86ba') in 0.0575595 seconds
Number of updated asset objects reloaded before import = 0Number of asset objects unloaded after import = 3

========================================================================
Received Import Request.
  Time since last request: 0.000041 seconds.
  path: Assets/Sprites/ComfyUI_01324_.png
  artifactKey: Guid(8465037c43fad6543a3284641553fd32) Importer(815301076,1909f56bfc062723c751e8b465ee728b)
Start importing Assets/Sprites/ComfyUI_01324_.png using Guid(8465037c43fad6543a3284641553fd32) Importer(815301076,1909f56bfc062723c751e8b465ee728b) (PreviewImporter) -> (artifact id: 'bd307e65dc4504faadc31027af6119b3') in 0.0575759 seconds
Number of updated asset objects reloaded before import = 0Number of asset objects unloaded after import = 3

========================================================================
Received Import Request.
  Time since last request: 0.000034 seconds.
  path: Assets/Sprites/ComfyUI_01325_.png
  artifactKey: Guid(e60e6d5e2c73838428fff01339540a2e) Importer(815301076,1909f56bfc062723c751e8b465ee728b)
Start importing Assets/Sprites/ComfyUI_01325_.png using Guid(e60e6d5e2c73838428fff01339540a2e) Importer(815301076,1909f56bfc062723c751e8b465ee728b) (PreviewImporter) -> (artifact id: 'a157d52d3b4616bb6a1ce71a86603056') in 0.0505907 seconds
Number of updated asset objects reloaded before import = 0Number of asset objects unloaded after import = 3

========================================================================
Received Import Request.
  Time since last request: 0.000046 seconds.
  path: Assets/Sprites/ComfyUI_01303_.png
  artifactKey: Guid(8dbcb2b614eb106418e9609782eeffbe) Importer(2089858483,192608db42251d675da83286b1cce702)
Start importing Assets/Sprites/ComfyUI_01303_.png using Guid(8dbcb2b614eb106418e9609782eeffbe) Importer(2089858483,192608db42251d675da83286b1cce702) (ScriptedImporter) -> (artifact id: '0898fb7466ac2db408528d688438b25e') in 0.2057496 seconds
Number of updated asset objects reloaded before import = 0Number of asset objects unloaded after import = 3

========================================================================
Received Import Request.
  Time since last request: 0.000044 seconds.
  path: Assets/Sprites/ComfyUI_01218_.png
  artifactKey: Guid(7d14f3212c373b54c96d8028863c403a) Importer(2089858483,192608db42251d675da83286b1cce702)
Start importing Assets/Sprites/ComfyUI_01218_.png using Guid(7d14f3212c373b54c96d8028863c403a) Importer(2089858483,192608db42251d675da83286b1cce702) (ScriptedImporter) -> (artifact id: '82181895f3cb0ac0223fcbd194681fb2') in 0.0605284 seconds
Number of updated asset objects reloaded before import = 0Number of asset objects unloaded after import = 3

========================================================================
Received Import Request.
  Time since last request: 0.000035 seconds.
  path: Assets/Sprites/ComfyUI_01293_.png
  artifactKey: Guid(08fd3b6165759ee4e8b418aebeaadd5f) Importer(2089858483,192608db42251d675da83286b1cce702)
Start importing Assets/Sprites/ComfyUI_01293_.png using Guid(08fd3b6165759ee4e8b418aebeaadd5f) Importer(2089858483,192608db42251d675da83286b1cce702) (ScriptedImporter) -> (artifact id: 'b7d50421b0aa53b06334f83b3542be68') in 0.0623296 seconds
Number of updated asset objects reloaded before import = 0Number of asset objects unloaded after import = 3

========================================================================
Received Import Request.
  Time since last request: 0.000666 seconds.
  path: Assets/Sprites/ComfyUI_01292_.png
  artifactKey: Guid(51379c8ab62e0504dbd853d29680b21c) Importer(2089858483,192608db42251d675da83286b1cce702)
Start importing Assets/Sprites/ComfyUI_01292_.png using Guid(51379c8ab62e0504dbd853d29680b21c) Importer(2089858483,192608db42251d675da83286b1cce702) (ScriptedImporter) -> (artifact id: '600ecc1f0dabee12ca0f52cc6f744cfc') in 0.0531848 seconds
Number of updated asset objects reloaded before import = 0Number of asset objects unloaded after import = 3

========================================================================
Received Import Request.
  Time since last request: 0.000054 seconds.
  path: Assets/Sprites/ComfyUI_00526_.png
  artifactKey: Guid(364ee7c714985c2459f256868019921f) Importer(2089858483,192608db42251d675da83286b1cce702)
Start importing Assets/Sprites/ComfyUI_00526_.png using Guid(364ee7c714985c2459f256868019921f) Importer(2089858483,192608db42251d675da83286b1cce702) (ScriptedImporter) -> (artifact id: '3247e69d44af5a581b025131288bb79b') in 0.0489476 seconds
Number of updated asset objects reloaded before import = 0Number of asset objects unloaded after import = 3

========================================================================
Received Import Request.
  Time since last request: 0.000034 seconds.
  path: Assets/Sprites/ComfyUI_00019_.png
  artifactKey: Guid(1c53a7cc38e27ef4abad814401c54e7f) Importer(2089858483,192608db42251d675da83286b1cce702)
Start importing Assets/Sprites/ComfyUI_00019_.png using Guid(1c53a7cc38e27ef4abad814401c54e7f) Importer(2089858483,192608db42251d675da83286b1cce702) (ScriptedImporter) -> (artifact id: 'c67ba85a5f0e5cddecaa306c8a24e6b4') in 0.0525395 seconds
Number of updated asset objects reloaded before import = 0Number of asset objects unloaded after import = 3

========================================================================
Received Import Request.
  Time since last request: 0.000060 seconds.
  path: Assets/Sprites/ComfyUI_00527_.png
  artifactKey: Guid(4d6cb1a7671474047ae7c899279dc795) Importer(2089858483,192608db42251d675da83286b1cce702)
Start importing Assets/Sprites/ComfyUI_00527_.png using Guid(4d6cb1a7671474047ae7c899279dc795) Importer(2089858483,192608db42251d675da83286b1cce702) (ScriptedImporter) -> (artifact id: '8663f02f18cf18eccd8f389ab814d3ad') in 0.0532705 seconds
Number of updated asset objects reloaded before import = 0Number of asset objects unloaded after import = 3

========================================================================
Received Import Request.
  Time since last request: 0.000055 seconds.
  path: Assets/Sprites/ComfyUI_01208_.png
  artifactKey: Guid(2bda393d351a6b848b4b856c2509c704) Importer(815301076,1909f56bfc062723c751e8b465ee728b)
Start importing Assets/Sprites/ComfyUI_01208_.png using Guid(2bda393d351a6b848b4b856c2509c704) Importer(815301076,1909f56bfc062723c751e8b465ee728b) (PreviewImporter) -> (artifact id: 'c3f35115d3788f0938129c4d0316501b') in 0.0424557 seconds
Number of updated asset objects reloaded before import = 0Number of asset objects unloaded after import = 3

========================================================================
Received Import Request.
  Time since last request: 0.000036 seconds.
  path: Assets/Sprites/ComfyUI_01293_.png
  artifactKey: Guid(08fd3b6165759ee4e8b418aebeaadd5f) Importer(815301076,1909f56bfc062723c751e8b465ee728b)
Start importing Assets/Sprites/ComfyUI_01293_.png using Guid(08fd3b6165759ee4e8b418aebeaadd5f) Importer(815301076,1909f56bfc062723c751e8b465ee728b) (PreviewImporter) -> (artifact id: '2a98277098c1f0c0351d7dc061c32ef4') in 0.0453447 seconds
Number of updated asset objects reloaded before import = 0Number of asset objects unloaded after import = 3

========================================================================
Received Import Request.
  Time since last request: 0.000032 seconds.
  path: Assets/Sprites/ComfyUI_01292_.png
  artifactKey: Guid(51379c8ab62e0504dbd853d29680b21c) Importer(815301076,1909f56bfc062723c751e8b465ee728b)
Start importing Assets/Sprites/ComfyUI_01292_.png using Guid(51379c8ab62e0504dbd853d29680b21c) Importer(815301076,1909f56bfc062723c751e8b465ee728b) (PreviewImporter) -> (artifact id: 'bd25bfa66f466883b74a2ea6ad59f118') in 0.0415818 seconds
Number of updated asset objects reloaded before import = 0Number of asset objects unloaded after import = 3

========================================================================
Received Import Request.
  Time since last request: 0.000063 seconds.
  path: Assets/Sprites/ComfyUI_01291_.png
  artifactKey: Guid(c4b810babf132bd4e847a223cba6b727) Importer(815301076,1909f56bfc062723c751e8b465ee728b)
Start importing Assets/Sprites/ComfyUI_01291_.png using Guid(c4b810babf132bd4e847a223cba6b727) Importer(815301076,1909f56bfc062723c751e8b465ee728b) (PreviewImporter) -> (artifact id: '3a78d22ce40e9583f3de2f8c08d2d952') in 0.0466314 seconds
Number of updated asset objects reloaded before import = 0Number of asset objects unloaded after import = 3

========================================================================
Received Import Request.
  Time since last request: 0.000037 seconds.
  path: Assets/Sprites/ComfyUI_00021_.png
  artifactKey: Guid(90887b4b61f770342aa62baff2d134d3) Importer(2089858483,192608db42251d675da83286b1cce702)
Start importing Assets/Sprites/ComfyUI_00021_.png using Guid(90887b4b61f770342aa62baff2d134d3) Importer(2089858483,192608db42251d675da83286b1cce702) (ScriptedImporter) -> (artifact id: 'b40e67a5790b74317ad935a19dd3243c') in 0.0468601 seconds
Number of updated asset objects reloaded before import = 0Number of asset objects unloaded after import = 3

========================================================================
Received Prepare
Refreshing native plugins compatible for Editor in 5.29 ms, found 4 plugins.
Preloading 0 native plugins for Editor in 0.00 ms.
Unloading 36 Unused Serialized files (Serialized files now loaded: 0)
Unloading 6811 unused Assets / (7.4 MB). Loaded Objects now: 7507.
Memory consumption went from 152.0 MB to 144.6 MB.
Total: 128.037400 ms (FindLiveObjects: 3.283800 ms CreateObjectMapping: 3.540700 ms MarkObjects: 112.775400 ms  DeleteObjects: 8.432600 ms)

Prepare: number of updated asset objects reloaded= 0
========================================================================
Received Prepare
Refreshing native plugins compatible for Editor in 4.92 ms, found 4 plugins.
Preloading 0 native plugins for Editor in 0.00 ms.
Unloading 36 Unused Serialized files (Serialized files now loaded: 0)
Unloading 6810 unused Assets / (7.1 MB). Loaded Objects now: 7506.
Memory consumption went from 153.3 MB to 146.2 MB.
Total: 36.476600 ms (FindLiveObjects: 1.790400 ms CreateObjectMapping: 2.033400 ms MarkObjects: 23.588300 ms  DeleteObjects: 9.062100 ms)

Prepare: number of updated asset objects reloaded= 0
========================================================================
Received Prepare
Refreshing native plugins compatible for Editor in 4.92 ms, found 4 plugins.
Preloading 0 native plugins for Editor in 0.00 ms.
Unloading 36 Unused Serialized files (Serialized files now loaded: 0)
Unloading 6809 unused Assets / (7.1 MB). Loaded Objects now: 7505.
Memory consumption went from 154.8 MB to 147.7 MB.
Total: 17.862000 ms (FindLiveObjects: 1.034300 ms CreateObjectMapping: 0.934400 ms MarkObjects: 10.310800 ms  DeleteObjects: 5.580700 ms)

Prepare: number of updated asset objects reloaded= 0
========================================================================
Received Prepare
Refreshing native plugins compatible for Editor in 3.21 ms, found 4 plugins.
Preloading 0 native plugins for Editor in 0.00 ms.
Unloading 36 Unused Serialized files (Serialized files now loaded: 0)
Unloading 6809 unused Assets / (7.3 MB). Loaded Objects now: 7505.
Memory consumption went from 156.2 MB to 148.9 MB.
Total: 18.284100 ms (FindLiveObjects: 1.050500 ms CreateObjectMapping: 0.752900 ms MarkObjects: 10.659400 ms  DeleteObjects: 5.819500 ms)

Prepare: number of updated asset objects reloaded= 0
========================================================================
Received Import Request.
  Time since last request: 182.407147 seconds.
  path: Assets/Scripts/PuzzlePiece.cs
  artifactKey: Guid(fbf87479adbf00c408725ce6bf3b35e4) Importer(2089858483,192608db42251d675da83286b1cce702)
Start importing Assets/Scripts/PuzzlePiece.cs using Guid(fbf87479adbf00c408725ce6bf3b35e4) Importer(2089858483,192608db42251d675da83286b1cce702) (ScriptedImporter) -> (artifact id: 'd95c79674027cae76943d149cf02bf4c') in 0.0384533 seconds
Number of updated asset objects reloaded before import = 0Number of asset objects unloaded after import = 0

========================================================================
Received Prepare
Refreshing native plugins compatible for Editor in 4.69 ms, found 4 plugins.
Preloading 0 native plugins for Editor in 0.00 ms.
Unloading 36 Unused Serialized files (Serialized files now loaded: 0)
Unloading 6809 unused Assets / (7.7 MB). Loaded Objects now: 7505.
Memory consumption went from 152.0 MB to 144.3 MB.
Total: 27.612000 ms (FindLiveObjects: 1.553400 ms CreateObjectMapping: 1.212000 ms MarkObjects: 16.325800 ms  DeleteObjects: 8.518400 ms)

Prepare: number of updated asset objects reloaded= 0
========================================================================
Received Prepare
Refreshing native plugins compatible for Editor in 5.31 ms, found 4 plugins.
Preloading 0 native plugins for Editor in 0.00 ms.
Unloading 36 Unused Serialized files (Serialized files now loaded: 0)
Unloading 6808 unused Assets / (6.8 MB). Loaded Objects now: 7504.
Memory consumption went from 153.4 MB to 146.6 MB.
Total: 28.386500 ms (FindLiveObjects: 1.392500 ms CreateObjectMapping: 1.517900 ms MarkObjects: 16.451200 ms  DeleteObjects: 9.022500 ms)

Prepare: number of updated asset objects reloaded= 0
========================================================================
Received Prepare
Begin MonoManager ReloadAssembly
[Licensing::Client] Successfully resolved entitlement details
- Loaded All Assemblies, in  2.343 seconds
Refreshing native plugins compatible for Editor in 4.36 ms, found 4 plugins.
Native extension for UWP target not found
Native extension for WindowsStandalone target not found
[Package Manager] Failed to launch server process. Reason: Unity was launched with the -noUpm command-line argument
[Package Manager] Unable to send message (not connected to server process).
[Package Manager] Cannot connect to Unity Package Manager local server
Mono: successfully reloaded assembly
- Finished resetting the current domain, in  2.078 seconds
Domain Reload Profiling: 4423ms
	BeginReloadAssembly (940ms)
		ExecutionOrderSort (0ms)
		DisableScriptedObjects (71ms)
		BackupInstance (0ms)
		ReleaseScriptingObjects (1ms)
		CreateAndSetChildDomain (466ms)
	RebuildCommonClasses (83ms)
	RebuildNativeTypeToScriptingClass (30ms)
	initialDomainReloadingComplete (75ms)
	LoadAllAssembliesAndSetupDomain (1212ms)
		LoadAssemblies (999ms)
		RebuildTransferFunctionScriptingTraits (0ms)
		AnalyzeDomain (468ms)
			TypeCache.Refresh (30ms)
				TypeCache.ScanAssembly (0ms)
			BuildScriptInfoCaches (386ms)
			ResolveRequiredComponents (24ms)
	FinalizeReload (2082ms)
		ReleaseScriptCaches (0ms)
		RebuildScriptCaches (0ms)
		SetupLoadedEditorAssemblies (1739ms)
			LogAssemblyErrors (0ms)
			InitializePlatformSupportModulesInManaged (4ms)
			SetLoadedEditorAssemblies (11ms)
			BeforeProcessingInitializeOnLoad (305ms)
			ProcessInitializeOnLoadAttributes (1228ms)
			ProcessInitializeOnLoadMethodAttributes (178ms)
			AfterProcessingInitializeOnLoad (12ms)
			EditorAssembliesLoaded (1ms)
		ExecutionOrderSort2 (0ms)
		AwakeInstancesAfterBackupRestoration (33ms)
Refreshing native plugins compatible for Editor in 4.79 ms, found 4 plugins.
Preloading 0 native plugins for Editor in 0.00 ms.
Unloading 36 Unused Serialized files (Serialized files now loaded: 0)
Unloading 6819 unused Assets / (6.8 MB). Loaded Objects now: 7506.
Memory consumption went from 154.2 MB to 147.4 MB.
Total: 19.702600 ms (FindLiveObjects: 1.300500 ms CreateObjectMapping: 1.079300 ms MarkObjects: 9.913700 ms  DeleteObjects: 7.406700 ms)

Prepare: number of updated asset objects reloaded= 0
========================================================================
Received Prepare
Refreshing native plugins compatible for Editor in 4.01 ms, found 4 plugins.
Preloading 0 native plugins for Editor in 0.00 ms.
Unloading 36 Unused Serialized files (Serialized files now loaded: 0)
Unloading 6807 unused Assets / (6.9 MB). Loaded Objects now: 7505.
Memory consumption went from 155.8 MB to 148.8 MB.
Total: 19.266300 ms (FindLiveObjects: 1.101300 ms CreateObjectMapping: 0.963300 ms MarkObjects: 9.948000 ms  DeleteObjects: 7.251700 ms)

Prepare: number of updated asset objects reloaded= 0
========================================================================
Received Prepare
Begin MonoManager ReloadAssembly
- Loaded All Assemblies, in  2.007 seconds
Refreshing native plugins compatible for Editor in 3.05 ms, found 4 plugins.
Native extension for UWP target not found
Native extension for WindowsStandalone target not found
[Package Manager] Failed to launch server process. Reason: Unity was launched with the -noUpm command-line argument
[Package Manager] Unable to send message (not connected to server process).
[Package Manager] Cannot connect to Unity Package Manager local server
Mono: successfully reloaded assembly
- Finished resetting the current domain, in  1.807 seconds
Domain Reload Profiling: 3810ms
	BeginReloadAssembly (502ms)
		ExecutionOrderSort (0ms)
		DisableScriptedObjects (39ms)
		BackupInstance (0ms)
		ReleaseScriptingObjects (0ms)
		CreateAndSetChildDomain (111ms)
	RebuildCommonClasses (113ms)
	RebuildNativeTypeToScriptingClass (26ms)
	initialDomainReloadingComplete (81ms)
	LoadAllAssembliesAndSetupDomain (1280ms)
		LoadAssemblies (937ms)
		RebuildTransferFunctionScriptingTraits (0ms)
		AnalyzeDomain (578ms)
			TypeCache.Refresh (26ms)
				TypeCache.ScanAssembly (0ms)
			BuildScriptInfoCaches (509ms)
			ResolveRequiredComponents (32ms)
	FinalizeReload (1808ms)
		ReleaseScriptCaches (0ms)
		RebuildScriptCaches (0ms)
		SetupLoadedEditorAssemblies (1461ms)
			LogAssemblyErrors (0ms)
			InitializePlatformSupportModulesInManaged (4ms)
			SetLoadedEditorAssemblies (10ms)
			BeforeProcessingInitializeOnLoad (286ms)
			ProcessInitializeOnLoadAttributes (1001ms)
			ProcessInitializeOnLoadMethodAttributes (149ms)
			AfterProcessingInitializeOnLoad (10ms)
			EditorAssembliesLoaded (1ms)
		ExecutionOrderSort2 (0ms)
		AwakeInstancesAfterBackupRestoration (36ms)
Refreshing native plugins compatible for Editor in 3.14 ms, found 4 plugins.
Preloading 0 native plugins for Editor in 0.00 ms.
Unloading 36 Unused Serialized files (Serialized files now loaded: 0)
Unloading 6818 unused Assets / (7.2 MB). Loaded Objects now: 7508.
Memory consumption went from 157.1 MB to 149.8 MB.
Total: 17.067500 ms (FindLiveObjects: 1.144900 ms CreateObjectMapping: 1.247000 ms MarkObjects: 8.954600 ms  DeleteObjects: 5.719000 ms)

Prepare: number of updated asset objects reloaded= 0
========================================================================
Received Prepare
Refreshing native plugins compatible for Editor in 3.79 ms, found 4 plugins.
Preloading 0 native plugins for Editor in 0.00 ms.
Unloading 36 Unused Serialized files (Serialized files now loaded: 0)
Unloading 6812 unused Assets / (7.2 MB). Loaded Objects now: 7513.
Memory consumption went from 158.6 MB to 151.4 MB.
Total: 21.056400 ms (FindLiveObjects: 2.112000 ms CreateObjectMapping: 2.285800 ms MarkObjects: 10.313000 ms  DeleteObjects: 6.343300 ms)

Prepare: number of updated asset objects reloaded= 0
========================================================================
Received Import Request.
  Time since last request: 566.531636 seconds.
  path: Assets/Scripts/PuzzleImageSelector.cs
  artifactKey: Guid(50de312ab26418a4893740262154cf04) Importer(2089858483,192608db42251d675da83286b1cce702)
Start importing Assets/Scripts/PuzzleImageSelector.cs using Guid(50de312ab26418a4893740262154cf04) Importer(2089858483,192608db42251d675da83286b1cce702) (ScriptedImporter) -> (artifact id: '422561b66dde83c3493e506512e9754d') in 0.5498194 seconds
Number of updated asset objects reloaded before import = 0Number of asset objects unloaded after import = 0

========================================================================
Received Import Request.
  Time since last request: 0.000041 seconds.
  path: Assets/Scripts/GameUI.cs
  artifactKey: Guid(38336c1d8f9e9a8458b34df282c25006) Importer(2089858483,192608db42251d675da83286b1cce702)
Start importing Assets/Scripts/GameUI.cs using Guid(38336c1d8f9e9a8458b34df282c25006) Importer(2089858483,192608db42251d675da83286b1cce702) (ScriptedImporter) -> (artifact id: 'c9d7453fbf06921205bd064476a92d60') in 0.029241 seconds
Number of updated asset objects reloaded before import = 0Number of asset objects unloaded after import = 0

========================================================================
Received Import Request.
  Time since last request: 0.000054 seconds.
  path: Assets/Scripts/RASTGELE_RESIM_KURULUMU.md
  artifactKey: Guid(141a921225b4c0b4eb946335e800b78f) Importer(2089858483,192608db42251d675da83286b1cce702)
Start importing Assets/Scripts/RASTGELE_RESIM_KURULUMU.md using Guid(141a921225b4c0b4eb946335e800b78f) Importer(2089858483,192608db42251d675da83286b1cce702) (ScriptedImporter) -> (artifact id: '5f49da840c5f8fde7404e04ae9d5bf09') in 0.0320219 seconds
Number of updated asset objects reloaded before import = 0Number of asset objects unloaded after import = 1

========================================================================
Received Prepare
Refreshing native plugins compatible for Editor in 4.30 ms, found 4 plugins.
Preloading 0 native plugins for Editor in 0.00 ms.
Unloading 36 Unused Serialized files (Serialized files now loaded: 0)
Unloading 6812 unused Assets / (7.3 MB). Loaded Objects now: 7513.
Memory consumption went from 151.7 MB to 144.4 MB.
Total: 23.477200 ms (FindLiveObjects: 1.142800 ms CreateObjectMapping: 1.118700 ms MarkObjects: 13.195800 ms  DeleteObjects: 8.018100 ms)

Prepare: number of updated asset objects reloaded= 0
========================================================================
Received Prepare
Refreshing native plugins compatible for Editor in 4.43 ms, found 4 plugins.
Preloading 0 native plugins for Editor in 0.00 ms.
Unloading 36 Unused Serialized files (Serialized files now loaded: 0)
Unloading 6812 unused Assets / (7.3 MB). Loaded Objects now: 7513.
Memory consumption went from 153.1 MB to 145.8 MB.
Total: 28.503100 ms (FindLiveObjects: 2.094400 ms CreateObjectMapping: 2.084400 ms MarkObjects: 15.388600 ms  DeleteObjects: 8.933000 ms)

Prepare: number of updated asset objects reloaded= 0
========================================================================
Received Prepare
Refreshing native plugins compatible for Editor in 4.42 ms, found 4 plugins.
Preloading 0 native plugins for Editor in 0.00 ms.
Unloading 36 Unused Serialized files (Serialized files now loaded: 0)
Unloading 6812 unused Assets / (6.9 MB). Loaded Objects now: 7513.
Memory consumption went from 154.5 MB to 147.6 MB.
Total: 24.286600 ms (FindLiveObjects: 1.691600 ms CreateObjectMapping: 1.193600 ms MarkObjects: 13.850900 ms  DeleteObjects: 7.548000 ms)

Prepare: number of updated asset objects reloaded= 0
========================================================================
Received Prepare
Refreshing native plugins compatible for Editor in 4.49 ms, found 4 plugins.
Preloading 0 native plugins for Editor in 0.00 ms.
Unloading 36 Unused Serialized files (Serialized files now loaded: 0)
Unloading 6812 unused Assets / (8.6 MB). Loaded Objects now: 7513.
Memory consumption went from 155.9 MB to 147.4 MB.
Total: 21.428000 ms (FindLiveObjects: 1.241600 ms CreateObjectMapping: 1.237900 ms MarkObjects: 10.512900 ms  DeleteObjects: 8.433700 ms)

Prepare: number of updated asset objects reloaded= 0
Editor requested this worker to shutdown with reason: Scaling down because of idle timeout
AssetImportWorker is now disconnected from the server
Process exiting
Exiting without the bug reporter. Application will terminate with return code 0