[Licensing::Module] Trying to connect to existing licensing client channel...
Built from '6000.2/respin/6000.2.6f2-cc51a95c03' branch; Version is '6000.2.6f2 (4a4dcaec6541) revision 4869578'; Using compiler version '194234433'; Build Type 'Release'
OS: 'Windows 11  (10.0.26200) 64bit Core' Language: 'tr' Physical Memory: 15713 MB
BatchMode: 1, IsHumanControllingUs: 0, StartBugReporterOnCrash: 0, Is64bit: 1
[Licensing::IpcConnector] Successfully connected to: "LicenseClient-johnt" at "2026-01-31T23:41:01.1314199Z"
Date: 2026-01-31T23:41:01Z

COMMAND LINE ARGUMENTS:
C:\Program Files\Unity\Hub\Editor\6000.2.6f2\Editor\Unity.exe
-adb2
-batchMode
-noUpm
-name
AssetImportWorker3
-projectPath
C:/Unity/Puzzle Game
-logFile
Logs/AssetImportWorker3.log
-srvPort
59770
-job-worker-count
5
-background-job-worker-count
8
-gc-helper-count
1
-name
AssetImport
Successfully changed project path to: C:/Unity/Puzzle Game
C:/Unity/Puzzle Game
[UnityMemory] Configuration Parameters - Can be set up in boot.config
    "memorysetup-allocator-temp-initial-block-size-main=262144"
    "memorysetup-allocator-temp-initial-block-size-worker=262144"
    "memorysetup-bucket-allocator-granularity=16"
    "memorysetup-bucket-allocator-bucket-count=8"
    "memorysetup-bucket-allocator-block-size=33554432"
    "memorysetup-bucket-allocator-block-count=8"
    "memorysetup-main-allocator-block-size=16777216"
    "memorysetup-thread-allocator-block-size=16777216"
    "memorysetup-gfx-main-allocator-block-size=16777216"
    "memorysetup-gfx-thread-allocator-block-size=16777216"
    "memorysetup-cache-allocator-block-size=4194304"
    "memorysetup-typetree-allocator-block-size=2097152"
    "memorysetup-profiler-bucket-allocator-granularity=16"
    "memorysetup-profiler-bucket-allocator-bucket-count=8"
    "memorysetup-profiler-bucket-allocator-block-size=33554432"
    "memorysetup-profiler-bucket-allocator-block-count=8"
    "memorysetup-profiler-allocator-block-size=16777216"
    "memorysetup-profiler-editor-allocator-block-size=1048576"
    "memorysetup-temp-allocator-size-main=16777216"
    "memorysetup-job-temp-allocator-block-size=2097152"
    "memorysetup-job-temp-allocator-block-size-background=1048576"
    "memorysetup-job-temp-allocator-reduction-small-platforms=262144"
    "memorysetup-temp-allocator-size-background-worker=32768"
    "memorysetup-temp-allocator-size-job-worker=262144"
    "memorysetup-temp-allocator-size-preload-manager=33554432"
    "memorysetup-temp-allocator-size-nav-mesh-worker=65536"
    "memorysetup-temp-allocator-size-audio-worker=65536"
    "memorysetup-temp-allocator-size-cloud-worker=32768"
    "memorysetup-temp-allocator-size-gi-baking-worker=262144"
    "memorysetup-temp-allocator-size-gi-baking-worker=262144"
    "memorysetup-temp-allocator-size-gi-baking-worker=262144"
    "memorysetup-temp-allocator-size-gi-baking-worker=262144"
    "memorysetup-temp-allocator-size-gi-baking-worker=262144"
    "memorysetup-temp-allocator-size-gfx=262144"
Player connection [17036]  Target information:

Player connection [17036]  * "[IP] 192.168.56.1 [Port] 0 [Flags] 2 [Guid] 1845280559 [EditorId] 1845280559 [Version] 1048832 [Id] WindowsEditor(7,EREN) [Debug] 1 [PackageName] WindowsEditor [ProjectName] Editor" 

Player connection [17036]  * "[IP] 172.16.0.2 [Port] 0 [Flags] 2 [Guid] 1845280559 [EditorId] 1845280559 [Version] 1048832 [Id] WindowsEditor(7,EREN) [Debug] 1 [PackageName] WindowsEditor [ProjectName] Editor" 

Player connection [17036]  * "[IP] 192.168.1.112 [Port] 0 [Flags] 2 [Guid] 1845280559 [EditorId] 1845280559 [Version] 1048832 [Id] WindowsEditor(7,EREN) [Debug] 1 [PackageName] WindowsEditor [ProjectName] Editor" 

Player connection [17036] Host joined multi-casting on [225.0.0.222:54997]...
Player connection [17036] Host joined alternative multi-casting on [225.0.0.222:34997]...
JobSystem: Creating JobQueue using job-worker-count value 5
Input System module state changed to: Initialized.
[Physics::Module] Initialized fallback backend.
[Physics::Module] Id: 0xdecafbad
[Licensing::Client] Code 10 while verifying Licensing Client signature (process Id: 4904, path: "C:/Program Files/Unity Hub/UnityLicensingClient_V1/Unity.Licensing.Client.exe")
[Licensing::Module] LicensingClient has failed validation; ignoring
[Licensing::Client] Handshaking with LicensingClient:
  Version:                 1.17.4+4293ba1
  Session Id:              bb33f5338ea14b638d23294ab7deb5d5
  Correlation Id:          3d56df280385042930211b1f9ac59aa7
  External correlation Id: 6000571106531422382
  Machine Id:              9mTSOqlXAJDPIXAfLuYz5g7U+Qo=
[Licensing::Module] Successfully connected to LicensingClient on channel: "LicenseClient-johnt" (connect: 0.00s, validation: 0.00s, handshake: 0.11s)
[Licensing::IpcConnector] Successfully connected to: "LicenseClient-johnt-notifications" at "2026-01-31T23:41:01.2460846Z"
[Licensing::Module] Licensing Background thread has ended after 0.12s
Library Redirect Path: Library/
[Physics::Module] Selected backend.
[Physics::Module] Name: PhysX
[Physics::Module] Id: 0xf2b8ea05
[Physics::Module] SDK Version: 4.1.2
[Physics::Module] Integration Version: 1.0.0
[Physics::Module] Threading Mode: Multi-Threaded
Refreshing native plugins compatible for Editor in 48.35 ms, found 4 plugins.
Preloading 0 native plugins for Editor in 0.00 ms.
Initialize engine version: 6000.2.6f2 (4a4dcaec6541)
[Subsystems] Discovering subsystems at path C:/Program Files/Unity/Hub/Editor/6000.2.6f2/Editor/Data/Resources/UnitySubsystems
[Subsystems] Discovering subsystems at path C:/Unity/Puzzle Game/Assets
GfxDevice: creating device client; kGfxThreadingModeNonThreaded
d3d12: failed to query info queue interface (0x80004002).
Direct3D:
    Version:         Direct3D 12 [level 12.1]
    Renderer:        NVIDIA GeForce RTX 3050 Laptop GPU (ID=0x25a5)
    Vendor:          NVIDIA
    VRAM:            3962 MB
    App VRAM Budget: 3367 MB
    Driver:          32.0.15.9174
Initialize mono
Mono path[0] = 'C:/Program Files/Unity/Hub/Editor/6000.2.6f2/Editor/Data/Managed'
Mono path[1] = 'C:/Program Files/Unity/Hub/Editor/6000.2.6f2/Editor/Data/MonoBleedingEdge/lib/mono/unityjit-win32'
Mono config path = 'C:/Program Files/Unity/Hub/Editor/6000.2.6f2/Editor/Data/MonoBleedingEdge/etc'
Using monoOptions --debugger-agent=transport=dt_socket,embedding=1,server=y,suspend=n,address=127.0.0.1:56600
Begin MonoManager ReloadAssembly
Registering precompiled unity dll's ...
Register platform support module: C:/Program Files/Unity/Hub/Editor/6000.2.6f2/Editor/Data/PlaybackEngines/WindowsStandaloneSupport/UnityEditor.WindowsStandalone.Extensions.dll
[Licensing::Client] Successfully resolved entitlement details
[Licensing::Module] License group:
  Id: 18967082796948-UnityPersXXXX
  Product: Unity Personal
  Type: Assigned
  Expiration: Unlimited
Register platform support module: C:/Program Files/Unity/Hub/Editor/6000.2.6f2/Editor/Data/PlaybackEngines/MetroSupport/UnityEditor.UWP.Extensions.dll
Registered in 0.009509 seconds.
- Loaded All Assemblies, in  1.142 seconds
Native extension for UWP target not found
Native extension for WindowsStandalone target not found
Mono: successfully reloaded assembly
- Finished resetting the current domain, in  1.721 seconds
Domain Reload Profiling: 2859ms
	BeginReloadAssembly (461ms)
		ExecutionOrderSort (0ms)
		DisableScriptedObjects (0ms)
		BackupInstance (0ms)
		ReleaseScriptingObjects (0ms)
		CreateAndSetChildDomain (1ms)
	RebuildCommonClasses (89ms)
	RebuildNativeTypeToScriptingClass (30ms)
	initialDomainReloadingComplete (118ms)
	LoadAllAssembliesAndSetupDomain (440ms)
		LoadAssemblies (456ms)
		RebuildTransferFunctionScriptingTraits (0ms)
		AnalyzeDomain (433ms)
			TypeCache.Refresh (429ms)
				TypeCache.ScanAssembly (397ms)
			BuildScriptInfoCaches (0ms)
			ResolveRequiredComponents (2ms)
	FinalizeReload (1722ms)
		ReleaseScriptCaches (0ms)
		RebuildScriptCaches (0ms)
		SetupLoadedEditorAssemblies (1232ms)
			LogAssemblyErrors (0ms)
			InitializePlatformSupportModulesInManaged (183ms)
			SetLoadedEditorAssemblies (9ms)
			BeforeProcessingInitializeOnLoad (563ms)
			ProcessInitializeOnLoadAttributes (341ms)
			ProcessInitializeOnLoadMethodAttributes (136ms)
			AfterProcessingInitializeOnLoad (0ms)
			EditorAssembliesLoaded (0ms)
		ExecutionOrderSort2 (0ms)
		AwakeInstancesAfterBackupRestoration (0ms)
========================================================================
Worker process is ready to serve import requests
Import Worker Mode flag is 0x00
Begin MonoManager ReloadAssembly
[Licensing::Client] Successfully resolved entitlement details
- Loaded All Assemblies, in  2.785 seconds
Refreshing native plugins compatible for Editor in 4.17 ms, found 4 plugins.
Native extension for UWP target not found
Native extension for WindowsStandalone target not found
Package Manager log level set to [2]
[Package Manager] Failed to launch server process. Reason: Unity was launched with the -noUpm command-line argument
[Package Manager] Unable to send message (not connected to server process).
[Package Manager] Cannot connect to Unity Package Manager local server
Mono: successfully reloaded assembly
- Finished resetting the current domain, in  2.866 seconds
Domain Reload Profiling: 5600ms
	BeginReloadAssembly (440ms)
		ExecutionOrderSort (0ms)
		DisableScriptedObjects (18ms)
		BackupInstance (0ms)
		ReleaseScriptingObjects (0ms)
		CreateAndSetChildDomain (67ms)
	RebuildCommonClasses (91ms)
	RebuildNativeTypeToScriptingClass (33ms)
	initialDomainReloadingComplete (300ms)
	LoadAllAssembliesAndSetupDomain (1868ms)
		LoadAssemblies (1396ms)
		RebuildTransferFunctionScriptingTraits (0ms)
		AnalyzeDomain (720ms)
			TypeCache.Refresh (467ms)
				TypeCache.ScanAssembly (437ms)
			BuildScriptInfoCaches (140ms)
			ResolveRequiredComponents (95ms)
	FinalizeReload (2867ms)
		ReleaseScriptCaches (0ms)
		RebuildScriptCaches (0ms)
		SetupLoadedEditorAssemblies (2483ms)
			LogAssemblyErrors (0ms)
			InitializePlatformSupportModulesInManaged (4ms)
			SetLoadedEditorAssemblies (12ms)
			BeforeProcessingInitializeOnLoad (414ms)
			ProcessInitializeOnLoadAttributes (1564ms)
			ProcessInitializeOnLoadMethodAttributes (471ms)
			AfterProcessingInitializeOnLoad (17ms)
			EditorAssembliesLoaded (1ms)
		ExecutionOrderSort2 (0ms)
		AwakeInstancesAfterBackupRestoration (18ms)
Launched and connected shader compiler UnityShaderCompiler.exe after 0.04 seconds
Refreshing native plugins compatible for Editor in 5.52 ms, found 4 plugins.
Preloading 0 native plugins for Editor in 0.00 ms.
Unloading 37 Unused Serialized files (Serialized files now loaded: 0)
Unloading 6826 unused Assets / (7.1 MB). Loaded Objects now: 7494.
Memory consumption went from 143.3 MB to 136.2 MB.
Total: 33.487800 ms (FindLiveObjects: 1.940000 ms CreateObjectMapping: 2.133200 ms MarkObjects: 18.862100 ms  DeleteObjects: 10.549800 ms)

========================================================================
Received Prepare
Begin MonoManager ReloadAssembly
- Loaded All Assemblies, in  2.421 seconds
Refreshing native plugins compatible for Editor in 5.97 ms, found 4 plugins.
Native extension for UWP target not found
Native extension for WindowsStandalone target not found
[Package Manager] Failed to launch server process. Reason: Unity was launched with the -noUpm command-line argument
[Package Manager] Unable to send message (not connected to server process).
[Package Manager] Cannot connect to Unity Package Manager local server
Mono: successfully reloaded assembly
- Finished resetting the current domain, in  2.380 seconds
Domain Reload Profiling: 4793ms
	BeginReloadAssembly (836ms)
		ExecutionOrderSort (0ms)
		DisableScriptedObjects (71ms)
		BackupInstance (0ms)
		ReleaseScriptingObjects (1ms)
		CreateAndSetChildDomain (155ms)
	RebuildCommonClasses (154ms)
	RebuildNativeTypeToScriptingClass (48ms)
	initialDomainReloadingComplete (113ms)
	LoadAllAssembliesAndSetupDomain (1261ms)
		LoadAssemblies (1220ms)
		RebuildTransferFunctionScriptingTraits (0ms)
		AnalyzeDomain (481ms)
			TypeCache.Refresh (13ms)
				TypeCache.ScanAssembly (0ms)
			BuildScriptInfoCaches (426ms)
			ResolveRequiredComponents (31ms)
	FinalizeReload (2380ms)
		ReleaseScriptCaches (0ms)
		RebuildScriptCaches (0ms)
		SetupLoadedEditorAssemblies (1956ms)
			LogAssemblyErrors (0ms)
			InitializePlatformSupportModulesInManaged (4ms)
			SetLoadedEditorAssemblies (13ms)
			BeforeProcessingInitializeOnLoad (409ms)
			ProcessInitializeOnLoadAttributes (1341ms)
			ProcessInitializeOnLoadMethodAttributes (174ms)
			AfterProcessingInitializeOnLoad (14ms)
			EditorAssembliesLoaded (1ms)
		ExecutionOrderSort2 (0ms)
		AwakeInstancesAfterBackupRestoration (54ms)
Refreshing native plugins compatible for Editor in 6.36 ms, found 4 plugins.
Preloading 0 native plugins for Editor in 0.00 ms.
Unloading 36 Unused Serialized files (Serialized files now loaded: 0)
Unloading 6824 unused Assets / (7.6 MB). Loaded Objects now: 7498.
Memory consumption went from 145.5 MB to 137.9 MB.
Total: 28.185000 ms (FindLiveObjects: 1.272700 ms CreateObjectMapping: 1.811800 ms MarkObjects: 15.049200 ms  DeleteObjects: 10.048800 ms)

Prepare: number of updated asset objects reloaded= 0
========================================================================
Received Import Request.
  Time since last request: 24334.896672 seconds.
  path: Assets/PuzzlePiece.prefab
  artifactKey: Guid(57d644c34e146034dbf6104bbe5272d0) Importer(2089858483,192608db42251d675da83286b1cce702)
Start importing Assets/PuzzlePiece.prefab using Guid(57d644c34e146034dbf6104bbe5272d0) Importer(2089858483,192608db42251d675da83286b1cce702) (ScriptedImporter) -> (artifact id: '3242a71393a3e8135f4297667b856bbb') in 0.4637025 seconds
Number of updated asset objects reloaded before import = 0Number of asset objects unloaded after import = 8

========================================================================
Received Import Request.
  Time since last request: 150.673154 seconds.
  path: Assets/Sprites/ComfyUI_00020_.png
  artifactKey: Guid(7f48ec9f435ab6e4191b563a89672ad7) Importer(815301076,1909f56bfc062723c751e8b465ee728b)
Start importing Assets/Sprites/ComfyUI_00020_.png using Guid(7f48ec9f435ab6e4191b563a89672ad7) Importer(815301076,1909f56bfc062723c751e8b465ee728b) (PreviewImporter)[Licensing::Client] Successfully resolved entitlement details
 -> (artifact id: 'a125cebd1aafe10c3211eb7c68b98730') in 0.2903701 seconds
Number of updated asset objects reloaded before import = 0Number of asset objects unloaded after import = 3

========================================================================
Received Import Request.
  Time since last request: 0.000046 seconds.
  path: Assets/Sprites/ComfyUI_01326_.png
  artifactKey: Guid(f4092cdfc9c365842bf9c8aa41de963f) Importer(815301076,1909f56bfc062723c751e8b465ee728b)
Start importing Assets/Sprites/ComfyUI_01326_.png using Guid(f4092cdfc9c365842bf9c8aa41de963f) Importer(815301076,1909f56bfc062723c751e8b465ee728b) (PreviewImporter) -> (artifact id: 'bd26b9537f9775d7d78e581aa792d87d') in 0.0487286 seconds
Number of updated asset objects reloaded before import = 0Number of asset objects unloaded after import = 3

========================================================================
Received Import Request.
  Time since last request: 0.000046 seconds.
  path: Assets/Sprites/ComfyUI_00021_.png
  artifactKey: Guid(90887b4b61f770342aa62baff2d134d3) Importer(815301076,1909f56bfc062723c751e8b465ee728b)
Start importing Assets/Sprites/ComfyUI_00021_.png using Guid(90887b4b61f770342aa62baff2d134d3) Importer(815301076,1909f56bfc062723c751e8b465ee728b) (PreviewImporter) -> (artifact id: 'ed8ea4baa3b5f0943bd26278908dc67a') in 0.0521994 seconds
Number of updated asset objects reloaded before import = 0Number of asset objects unloaded after import = 3

========================================================================
Received Import Request.
  Time since last request: 0.000029 seconds.
  path: Assets/Sprites/ComfyUI_00527_.png
  artifactKey: Guid(4d6cb1a7671474047ae7c899279dc795) Importer(815301076,1909f56bfc062723c751e8b465ee728b)
Start importing Assets/Sprites/ComfyUI_00527_.png using Guid(4d6cb1a7671474047ae7c899279dc795) Importer(815301076,1909f56bfc062723c751e8b465ee728b) (PreviewImporter) -> (artifact id: '8eb847fa5284bd9421409fdce0892924') in 0.0457396 seconds
Number of updated asset objects reloaded before import = 0Number of asset objects unloaded after import = 3

========================================================================
Received Import Request.
  Time since last request: 0.000041 seconds.
  path: Assets/Sprites/ComfyUI_01291_.png
  artifactKey: Guid(c4b810babf132bd4e847a223cba6b727) Importer(2089858483,192608db42251d675da83286b1cce702)
Start importing Assets/Sprites/ComfyUI_01291_.png using Guid(c4b810babf132bd4e847a223cba6b727) Importer(2089858483,192608db42251d675da83286b1cce702) (ScriptedImporter) -> (artifact id: '5ac03810b7f2f1604e4b5bff5b3a4b2d') in 0.1158327 seconds
Number of updated asset objects reloaded before import = 0Number of asset objects unloaded after import = 3

========================================================================
Received Import Request.
  Time since last request: 0.000060 seconds.
  path: Assets/Sprites/ComfyUI_01208_.png
  artifactKey: Guid(2bda393d351a6b848b4b856c2509c704) Importer(2089858483,192608db42251d675da83286b1cce702)
Start importing Assets/Sprites/ComfyUI_01208_.png using Guid(2bda393d351a6b848b4b856c2509c704) Importer(2089858483,192608db42251d675da83286b1cce702) (ScriptedImporter) -> (artifact id: '1a7b450d38b225d6dd79926cc20be447') in 0.0566596 seconds
Number of updated asset objects reloaded before import = 0Number of asset objects unloaded after import = 3

========================================================================
Received Import Request.
  Time since last request: 0.000032 seconds.
  path: Assets/Sprites/ComfyUI_01325_.png
  artifactKey: Guid(e60e6d5e2c73838428fff01339540a2e) Importer(2089858483,192608db42251d675da83286b1cce702)
Start importing Assets/Sprites/ComfyUI_01325_.png using Guid(e60e6d5e2c73838428fff01339540a2e) Importer(2089858483,192608db42251d675da83286b1cce702) (ScriptedImporter) -> (artifact id: '7f027791bbaabf6beb28576f73fa1205') in 0.0551761 seconds
Number of updated asset objects reloaded before import = 0Number of asset objects unloaded after import = 3

========================================================================
Received Import Request.
  Time since last request: 0.000041 seconds.
  path: Assets/Sprites/ComfyUI_00521_.png
  artifactKey: Guid(eda3b2c2f0e1a704bbe367a181d625ce) Importer(2089858483,192608db42251d675da83286b1cce702)
Start importing Assets/Sprites/ComfyUI_00521_.png using Guid(eda3b2c2f0e1a704bbe367a181d625ce) Importer(2089858483,192608db42251d675da83286b1cce702) (ScriptedImporter) -> (artifact id: '77f70f95c48a6bcf12625bf931640baf') in 0.0578187 seconds
Number of updated asset objects reloaded before import = 0Number of asset objects unloaded after import = 3

========================================================================
Received Import Request.
  Time since last request: 0.000046 seconds.
  path: Assets/Sprites/ComfyUI_01326_.png
  artifactKey: Guid(f4092cdfc9c365842bf9c8aa41de963f) Importer(2089858483,192608db42251d675da83286b1cce702)
Start importing Assets/Sprites/ComfyUI_01326_.png using Guid(f4092cdfc9c365842bf9c8aa41de963f) Importer(2089858483,192608db42251d675da83286b1cce702) (ScriptedImporter) -> (artifact id: '5b5cce63293581e41f3235bc0c701425') in 0.0637405 seconds
Number of updated asset objects reloaded before import = 0Number of asset objects unloaded after import = 3

========================================================================
Received Import Request.
  Time since last request: 0.000039 seconds.
  path: Assets/Sprites/ComfyUI_00020_.png
  artifactKey: Guid(7f48ec9f435ab6e4191b563a89672ad7) Importer(2089858483,192608db42251d675da83286b1cce702)
Start importing Assets/Sprites/ComfyUI_00020_.png using Guid(7f48ec9f435ab6e4191b563a89672ad7) Importer(2089858483,192608db42251d675da83286b1cce702) (ScriptedImporter) -> (artifact id: 'd24f8b9bc316167f704ece2bf912eade') in 0.0443175 seconds
Number of updated asset objects reloaded before import = 0Number of asset objects unloaded after import = 3

========================================================================
Received Import Request.
  Time since last request: 0.000038 seconds.
  path: Assets/Sprites/ComfyUI_01218_.png
  artifactKey: Guid(7d14f3212c373b54c96d8028863c403a) Importer(815301076,1909f56bfc062723c751e8b465ee728b)
Start importing Assets/Sprites/ComfyUI_01218_.png using Guid(7d14f3212c373b54c96d8028863c403a) Importer(815301076,1909f56bfc062723c751e8b465ee728b) (PreviewImporter) -> (artifact id: '03afc04e8a296e407004437c1fe0361e') in 0.0462218 seconds
Number of updated asset objects reloaded before import = 0Number of asset objects unloaded after import = 3

========================================================================
Received Import Request.
  Time since last request: 0.000090 seconds.
  path: Assets/Sprites/ComfyUI_01327_.png
  artifactKey: Guid(54b6ac0ca9e578b4fb73f9ecb651e14f) Importer(815301076,1909f56bfc062723c751e8b465ee728b)
Start importing Assets/Sprites/ComfyUI_01327_.png using Guid(54b6ac0ca9e578b4fb73f9ecb651e14f) Importer(815301076,1909f56bfc062723c751e8b465ee728b) (PreviewImporter) -> (artifact id: '284bd915ea41eb03d99ae57c1fb6cf5f') in 0.0468919 seconds
Number of updated asset objects reloaded before import = 0Number of asset objects unloaded after import = 3

========================================================================
Received Import Request.
  Time since last request: 0.000033 seconds.
  path: Assets/Sprites/ComfyUI_01324_.png
  artifactKey: Guid(8465037c43fad6543a3284641553fd32) Importer(2089858483,192608db42251d675da83286b1cce702)
Start importing Assets/Sprites/ComfyUI_01324_.png using Guid(8465037c43fad6543a3284641553fd32) Importer(2089858483,192608db42251d675da83286b1cce702) (ScriptedImporter) -> (artifact id: '4efac53ef0b4632e3a3f2d5e80280db5') in 0.0535963 seconds
Number of updated asset objects reloaded before import = 0Number of asset objects unloaded after import = 3

========================================================================
Received Import Request.
  Time since last request: 0.000034 seconds.
  path: Assets/Sprites/ComfyUI_00521_.png
  artifactKey: Guid(eda3b2c2f0e1a704bbe367a181d625ce) Importer(815301076,1909f56bfc062723c751e8b465ee728b)
Start importing Assets/Sprites/ComfyUI_00521_.png using Guid(eda3b2c2f0e1a704bbe367a181d625ce) Importer(815301076,1909f56bfc062723c751e8b465ee728b) (PreviewImporter) -> (artifact id: '218af05c4f09610aaf118aa89fd0fced') in 0.0440917 seconds
Number of updated asset objects reloaded before import = 0Number of asset objects unloaded after import = 3

========================================================================
Received Import Request.
  Time since last request: 0.000071 seconds.
  path: Assets/Sprites/ComfyUI_01303_.png
  artifactKey: Guid(8dbcb2b614eb106418e9609782eeffbe) Importer(815301076,1909f56bfc062723c751e8b465ee728b)
Start importing Assets/Sprites/ComfyUI_01303_.png using Guid(8dbcb2b614eb106418e9609782eeffbe) Importer(815301076,1909f56bfc062723c751e8b465ee728b) (PreviewImporter) -> (artifact id: 'c370891dffd51b2f4df18e22f939788d') in 0.0396896 seconds
Number of updated asset objects reloaded before import = 0Number of asset objects unloaded after import = 3

========================================================================
Received Import Request.
  Time since last request: 0.000032 seconds.
  path: Assets/Sprites/ComfyUI_01327_.png
  artifactKey: Guid(54b6ac0ca9e578b4fb73f9ecb651e14f) Importer(2089858483,192608db42251d675da83286b1cce702)
Start importing Assets/Sprites/ComfyUI_01327_.png using Guid(54b6ac0ca9e578b4fb73f9ecb651e14f) Importer(2089858483,192608db42251d675da83286b1cce702) (ScriptedImporter) -> (artifact id: '485b04e0834b2bc3084ede03ab157e38') in 0.04832 seconds
Number of updated asset objects reloaded before import = 0Number of asset objects unloaded after import = 3

Editor requested this worker to shutdown with reason: Scaling down because of idle timeout
AssetImportWorker is now disconnected from the server
Process exiting
Exiting without the bug reporter. Application will terminate with return code 0